[0m22:51:44.692981 [debug] [MainThread]: Sending event: {'category': 'dbt', 'action': 'invocation', 'label': 'start', 'context': [<snowplow_tracker.self_describing_json.SelfDescribingJson object at 0x7f27e919a380>, <snowplow_tracker.self_describing_json.SelfDescribingJson object at 0x7f27e7ba5750>, <snowplow_tracker.self_describing_json.SelfDescribingJson object at 0x7f27e7ba55d0>]}


============================== 22:51:44.698959 | 91c1ee4e-120d-4678-8f77-5ddbc9a6a016 ==============================
[0m22:51:44.698959 [info ] [MainThread]: Running with dbt=1.5.1
[0m22:51:44.702612 [debug] [MainThread]: running dbt with arguments {'printer_width': '80', 'indirect_selection': 'eager', 'write_json': 'True', 'log_cache_events': 'False', 'partial_parse': 'True', 'cache_selected_only': 'False', 'warn_error': 'None', 'version_check': 'True', 'fail_fast': 'False', 'log_path': 'logs', 'debug': 'False', 'profiles_dir': '/root/.dbt', 'use_colors': 'True', 'use_experimental_parser': 'False', 'no_print': 'None', 'quiet': 'False', 'warn_error_options': 'WarnErrorOptions(include=[], exclude=[])', 'introspect': 'True', 'log_format': 'default', 'static_parser': 'True', 'target_path': 'None', 'send_anonymous_usage_stats': 'True'}
[0m22:51:44.710511 [info ] [MainThread]: dbt version: 1.5.1
[0m22:51:44.713255 [info ] [MainThread]: python version: 3.10.7
[0m22:51:44.716346 [info ] [MainThread]: python path: /usr/local/bin/python
[0m22:51:44.722058 [info ] [MainThread]: os info: Linux-5.15.49-linuxkit-x86_64-with-glibc2.31
[0m22:51:44.729749 [info ] [MainThread]: Using profiles.yml file at /root/.dbt/profiles.yml
[0m22:51:44.732949 [info ] [MainThread]: Using dbt_project.yml file at /root/.dbt/dbt_project.yml
[0m22:51:44.737080 [info ] [MainThread]: Configuration:
[0m22:51:44.757335 [info ] [MainThread]:   profiles.yml file [[31mERROR invalid[0m]
[0m22:51:44.765829 [info ] [MainThread]:   dbt_project.yml file [[31mERROR not found[0m]
[0m22:51:44.770942 [info ] [MainThread]: Required dependencies:
[0m22:51:44.778840 [debug] [MainThread]: Executing "git --help"
[0m22:51:44.786259 [debug] [MainThread]: STDOUT: "b"usage: git [--version] [--help] [-C <path>] [-c <name>=<value>]\n           [--exec-path[=<path>]] [--html-path] [--man-path] [--info-path]\n           [-p | --paginate | -P | --no-pager] [--no-replace-objects] [--bare]\n           [--git-dir=<path>] [--work-tree=<path>] [--namespace=<name>]\n           <command> [<args>]\n\nThese are common Git commands used in various situations:\n\nstart a working area (see also: git help tutorial)\n   clone             Clone a repository into a new directory\n   init              Create an empty Git repository or reinitialize an existing one\n\nwork on the current change (see also: git help everyday)\n   add               Add file contents to the index\n   mv                Move or rename a file, a directory, or a symlink\n   restore           Restore working tree files\n   rm                Remove files from the working tree and from the index\n   sparse-checkout   Initialize and modify the sparse-checkout\n\nexamine the history and state (see also: git help revisions)\n   bisect            Use binary search to find the commit that introduced a bug\n   diff              Show changes between commits, commit and working tree, etc\n   grep              Print lines matching a pattern\n   log               Show commit logs\n   show              Show various types of objects\n   status            Show the working tree status\n\ngrow, mark and tweak your common history\n   branch            List, create, or delete branches\n   commit            Record changes to the repository\n   merge             Join two or more development histories together\n   rebase            Reapply commits on top of another base tip\n   reset             Reset current HEAD to the specified state\n   switch            Switch branches\n   tag               Create, list, delete or verify a tag object signed with GPG\n\ncollaborate (see also: git help workflows)\n   fetch             Download objects and refs from another repository\n   pull              Fetch from and integrate with another repository or a local branch\n   push              Update remote refs along with associated objects\n\n'git help -a' and 'git help -g' list available subcommands and some\nconcept guides. See 'git help <command>' or 'git help <concept>'\nto read about a specific subcommand or concept.\nSee 'git help git' for an overview of the system.\n""
[0m22:51:44.790326 [debug] [MainThread]: STDERR: "b''"
[0m22:51:44.795764 [info ] [MainThread]:  - git [[32mOK found[0m]

[0m22:51:44.798144 [info ] [MainThread]: [31m1 check failed:[0m
[0m22:51:44.800950 [info ] [MainThread]: Profile loading failed for the following reason:
Runtime Error
  Could not find profile named 'federation'


[0m22:51:44.809984 [debug] [MainThread]: Command `dbt debug` failed at 22:51:44.809534 after 0.16 seconds
[0m22:51:44.813670 [debug] [MainThread]: Sending event: {'category': 'dbt', 'action': 'invocation', 'label': 'end', 'context': [<snowplow_tracker.self_describing_json.SelfDescribingJson object at 0x7f27e919a380>, <snowplow_tracker.self_describing_json.SelfDescribingJson object at 0x7f27e7ba57e0>, <snowplow_tracker.self_describing_json.SelfDescribingJson object at 0x7f27e7ba5960>]}
[0m22:51:44.815947 [debug] [MainThread]: Flushing usage events
