[0m02:07:05.604553 [debug] [MainThread]: Sending event: {'category': 'dbt', 'action': 'invocation', 'label': 'start', 'context': [<snowplow_tracker.self_describing_json.SelfDescribingJson object at 0x7f517ddd75e0>, <snowplow_tracker.self_describing_json.SelfDescribingJson object at 0x7f517c600bb0>, <snowplow_tracker.self_describing_json.SelfDescribingJson object at 0x7f517c600c40>]}


============================== 02:07:05.609438 | d7994180-7771-4099-be41-59e2b0df405b ==============================
[0m02:07:05.609438 [info ] [MainThread]: Running with dbt=1.5.0
[0m02:07:05.612288 [debug] [MainThread]: running dbt with arguments {'printer_width': '80', 'indirect_selection': 'eager', 'log_cache_events': 'False', 'write_json': 'True', 'partial_parse': 'True', 'cache_selected_only': 'False', 'profiles_dir': '/root/.dbt', 'version_check': 'True', 'debug': 'False', 'log_path': 'logs', 'warn_error': 'None', 'fail_fast': 'False', 'use_colors': 'True', 'use_experimental_parser': 'False', 'no_print': 'None', 'quiet': 'False', 'warn_error_options': 'WarnErrorOptions(include=[], exclude=[])', 'static_parser': 'True', 'introspect': 'True', 'log_format': 'default', 'target_path': 'None', 'send_anonymous_usage_stats': 'True'}
[0m02:07:05.615462 [info ] [MainThread]: dbt version: 1.5.0
[0m02:07:05.617629 [info ] [MainThread]: python version: 3.10.7
[0m02:07:05.619991 [info ] [MainThread]: python path: /usr/local/bin/python
[0m02:07:05.622112 [info ] [MainThread]: os info: Linux-5.10.16.3-microsoft-standard-WSL2-x86_64-with-glibc2.31
[0m02:07:05.624604 [info ] [MainThread]: Using profiles.yml file at /root/.dbt/profiles.yml
[0m02:07:05.626693 [info ] [MainThread]: Using dbt_project.yml file at /root/.dbt/dbt_project.yml
[0m02:07:05.628605 [info ] [MainThread]: Configuration:
[0m02:07:05.630775 [info ] [MainThread]:   profiles.yml file [[31mERROR not found[0m]
[0m02:07:05.632683 [info ] [MainThread]:   dbt_project.yml file [[31mERROR not found[0m]
[0m02:07:05.633995 [info ] [MainThread]: Required dependencies:
[0m02:07:05.636152 [debug] [MainThread]: Executing "git --help"
[0m02:07:05.639737 [debug] [MainThread]: STDOUT: "b"usage: git [--version] [--help] [-C <path>] [-c <name>=<value>]\n           [--exec-path[=<path>]] [--html-path] [--man-path] [--info-path]\n           [-p | --paginate | -P | --no-pager] [--no-replace-objects] [--bare]\n           [--git-dir=<path>] [--work-tree=<path>] [--namespace=<name>]\n           <command> [<args>]\n\nThese are common Git commands used in various situations:\n\nstart a working area (see also: git help tutorial)\n   clone             Clone a repository into a new directory\n   init              Create an empty Git repository or reinitialize an existing one\n\nwork on the current change (see also: git help everyday)\n   add               Add file contents to the index\n   mv                Move or rename a file, a directory, or a symlink\n   restore           Restore working tree files\n   rm                Remove files from the working tree and from the index\n   sparse-checkout   Initialize and modify the sparse-checkout\n\nexamine the history and state (see also: git help revisions)\n   bisect            Use binary search to find the commit that introduced a bug\n   diff              Show changes between commits, commit and working tree, etc\n   grep              Print lines matching a pattern\n   log               Show commit logs\n   show              Show various types of objects\n   status            Show the working tree status\n\ngrow, mark and tweak your common history\n   branch            List, create, or delete branches\n   commit            Record changes to the repository\n   merge             Join two or more development histories together\n   rebase            Reapply commits on top of another base tip\n   reset             Reset current HEAD to the specified state\n   switch            Switch branches\n   tag               Create, list, delete or verify a tag object signed with GPG\n\ncollaborate (see also: git help workflows)\n   fetch             Download objects and refs from another repository\n   pull              Fetch from and integrate with another repository or a local branch\n   push              Update remote refs along with associated objects\n\n'git help -a' and 'git help -g' list available subcommands and some\nconcept guides. See 'git help <command>' or 'git help <concept>'\nto read about a specific subcommand or concept.\nSee 'git help git' for an overview of the system.\n""
[0m02:07:05.645730 [debug] [MainThread]: STDERR: "b''"
[0m02:07:05.647973 [info ] [MainThread]:  - git [[32mOK found[0m]

[0m02:07:05.650648 [info ] [MainThread]: [31m1 check failed:[0m
[0m02:07:05.652538 [info ] [MainThread]: dbt looked for a profiles.yml file in /root/.dbt/profiles.yml, but did
not find one. For more information on configuring your profile, consult the
documentation:

https://docs.getdbt.com/docs/configure-your-profile


[0m02:07:05.654647 [debug] [MainThread]: Command `dbt debug` failed at 02:07:05.654317 after 0.06 seconds
[0m02:07:05.657263 [debug] [MainThread]: Sending event: {'category': 'dbt', 'action': 'invocation', 'label': 'end', 'context': [<snowplow_tracker.self_describing_json.SelfDescribingJson object at 0x7f517ddd75e0>, <snowplow_tracker.self_describing_json.SelfDescribingJson object at 0x7f517ff1bc40>, <snowplow_tracker.self_describing_json.SelfDescribingJson object at 0x7f517c600a00>]}
[0m02:07:05.658976 [debug] [MainThread]: Flushing usage events
